Arguments: 
  /data/data/com.termux/files/usr/bin/node /data/data/com.termux/files/usr/share/yarn/bin/yarn.js run commit

PATH: 
  /data/data/com.termux/files/usr/bin

Yarn version: 
  1.22.19

Node version: 
  18.10.0

Platform: 
  android arm64

Trace: 
  SyntaxError: /storage/emulated/0/Termux/package.json: Unexpected end of JSON input
      at JSON.parse (<anonymous>)
      at /data/data/com.termux/files/usr/share/yarn/lib/cli.js:1629:59
      at Generator.next (<anonymous>)
      at step (/data/data/com.termux/files/usr/share/yarn/lib/cli.js:310:30)
      at /data/data/com.termux/files/usr/share/yarn/lib/cli.js:321:13

npm manifest: 
  {
   "name": "xapi",
   "version": "0.0.17",
   "keywords": [],
   "author": "",
   "license": "ISC",
   "type": "module",
   "scripts": {
    "run": "",
    "update_leafs": "cd node_modules/leafy-utils && node install.js",
    "commit": "node node_scripts/commit.js",
    "loot": "node node_scripts/loot.js"
   },
   "description": "",
   "dependencies": {
    "@minecraft/server-ui": "^1.0.0-beta.11940b24",
    "leafy-utils": "0.0.5"
   },
   "devDependencies": {
    "@minecraft/server": "^1.1.0-beta.release.1.19.50"
   }
  }

yarn manifest: 
  No manifest

Lockfile: 
  # THIS IS AN AUTOGENERATED FILE. DO NOT EDIT THIS FILE DIRECTLY.
  # yarn lockfile v1
  
  
  "@minecraft/server-ui@^1.0.0-beta.11940b24":
    version "1.0.0-beta.11940b24"
    resolved "https://registry.yarnpkg.com/@minecraft/server-ui/-/server-ui-1.0.0-beta.11940b24.tgz#12d1e790d148ba0c3e614272939023585f543a87"
    integrity sha512-/E4FKC5Wv5ALExzfT0L45xyawQGAwlRn9W5cs5GmvaTMVwndAcWF39oAcsQcsn/hKEpMzuVFsSIao/pm00+Cgg==
    dependencies:
      "@minecraft/server" "1.0.0-beta.11940b24"
  
  "@minecraft/server@1.0.0-beta.11940b24":
    version "1.0.0-beta.11940b24"
    resolved "https://registry.yarnpkg.com/@minecraft/server/-/server-1.0.0-beta.11940b24.tgz#f5905c25d98e3f0d3fb1849c16d2e5f640a44c51"
    integrity sha512-1d5hXQ/g+kWvpoWiQ/IInxTeOxM6RECQ2+l3bR4AmmZ58NRq4pPYevaEvhVs06yKeM/3FmSPVqBu1/Lr6gN1Rg==
  
  "@minecraft/server@^1.1.0-beta.release.1.19.50":
    version "1.1.0-beta.release.1.19.50"
    resolved "https://registry.yarnpkg.com/@minecraft/server/-/server-1.1.0-beta.release.1.19.50.tgz#ea7c9d9b11db2d6618da3f2639180116f53c5d81"
    integrity sha512-cuyY7QMd5HgzI71Pu/Z7Ii6Ux4fNUf2q/OtXZn14+QTRlC3SaPrPvGIVkSswMhQbcPxL7+uRNtN3CAB3H3PJMA==
  
  leafy-utils@0.0.5:
    version "0.0.5"
    resolved "https://registry.yarnpkg.com/leafy-utils/-/leafy-utils-0.0.5.tgz#fb8a013ebdff2ecca06dbf43ea241c0f100b5ecb"
    integrity sha512-fVpyQ4B7MXw/z9g1NBD7fF6R0O5bigG1WM+KsEpkRYLM8+V+VoMtWNy1f6XmDc2Cf6qbNatMZlCFL0ShtW9CXw==
